Active-HDL 13.0.375.8320 2025-01-10 19:05:32

Elaboration top modules:
Architecture                  Behavioral(TrafficLightController_tb)


----------------------------------------------------------------------------------------------------------------
Entity                    | Architecture | Library     | Info | Compiler Version          | Compilation Options
----------------------------------------------------------------------------------------------------------------
TrafficLightController_tb | Behavioral   | sys_dig_des |      | 13.0.375.8320 (Windows64) | -dbg
TrafficLightController    | Behavioral   | sys_dig_des |      | 13.0.375.8320 (Windows64) | -dbg
----------------------------------------------------------------------------------------------------------------

----------------------------------------------------------------------------------------------------------------
VHDL Package                             | Library     | Info | Compiler Version          | Compilation Options
----------------------------------------------------------------------------------------------------------------
standard                                 | std         |      |                           | <unavailable>
TEXTIO                                   | std         |      | 13.0.375.8320 (Windows64) |  -2019
std_logic_1164                           | ieee        |      | 13.0.375.8320 (Windows64) |  -2008
----------------------------------------------------------------------------------------------------------------

----------------------------------------------------------------------------------------------------------------
Library                                  | Comment
----------------------------------------------------------------------------------------------------------------
ieee                                     | Standard IEEE packages library
std                                      | Standard VHDL library
sys_dig_des                              | None
----------------------------------------------------------------------------------------------------------------


Simulation Options: asim -O5 +access +r +m+TrafficLightController_tb TrafficLightController_tb Behavioral

