# ELBREAD: Elaboration process.
# ELBREAD: Elaboration time 0.0 [s].
acom -dbg -e 100 -work sys_dig_des -2002  $dsn/src/TrafficLightController.vhd $dsn/src/TrafficLightController_tb.vhd
# File: C:/Users/beta/Documents/0-parseh-ai-os-vis/z_digital_system/active_hdl/my_project_files/TrafficLightController_Workspace/sys_dig_des/src/TrafficLightController.vhd
# Compile Entity "TrafficLightController"
# Compile Architecture "Behavioral" of Entity "TrafficLightController"
# File: C:/Users/beta/Documents/0-parseh-ai-os-vis/z_digital_system/active_hdl/my_project_files/TrafficLightController_Workspace/sys_dig_des/src/TrafficLightController_tb.vhd
# Compile Entity "TrafficLightController_tb"
# Compile Architecture "Behavioral" of Entity "TrafficLightController_tb"
# Compile success 0 Errors 0 Warnings  Analysis time :  0.1 [s]
# ELBREAD: Elaboration process.
# ELBREAD: Elaboration time 0.0 [s].
# ELBREAD: Elaboration process.
# ELBREAD: Elaboration time 0.0 [s].
asim -O5 +access +r +m+TrafficLightController_tb TrafficLightController_tb Behavioral
# ELBREAD: Elaboration process.
# ELBREAD: Elaboration time 0.0 [s].
# VSIM: Stack memory: 32MB
# VSIM: Retval memory: 32MB
# KERNEL: Main thread initiated.
# KERNEL: Kernel process initialization phase.
# ELAB2: Elaboration final pass...
# ELAB2: Create instances ...
# KERNEL: Time resolution set to 1ps.
# ELAB2: Create instances complete.
# SLP: Started
# SLP: Elaboration phase ...
# SLP: Elaboration phase ... skipped, nothing to simulate in SLP mode : 0.0 [s]
# SLP: Finished : 0.0 [s]
# ELAB2: Elaboration final pass complete - time: 0.0 [s].
# KERNEL: Kernel process initialization done.
# Allocation: Simulator allocated 5406 kB (elbread=427 elab2=4837 kernel=141 sdf=0)
# KERNEL: ASDB file was created in location C:\Users\beta\Documents\0-parseh-ai-os-vis\z_digital_system\active_hdl\my_project_files\TrafficLightController_Workspace\sys_dig_des\src\wave.asdb
#  7:05 PM, Friday, January 10, 2025
#  Simulation has been initialized
# add wave -noreg {/TrafficLightController_tb/Y1}
# add wave -noreg {/TrafficLightController_tb/Y2}
# add wave -noreg {/TrafficLightController_tb/G1}
# add wave -noreg {/TrafficLightController_tb/G2}
# add wave -noreg {/TrafficLightController_tb/R1}
# add wave -noreg {/TrafficLightController_tb/R2}
# add wave -noreg {/TrafficLightController_tb/clk}
# VSIM: 7 object(s) traced.
# Waveform file 'untitled.awc' connected to 'C:/Users/beta/Documents/0-parseh-ai-os-vis/z_digital_system/active_hdl/my_project_files/TrafficLightController_Workspace/sys_dig_des/src/wave.asdb'.
run 400ns
# KERNEL: stopped at time: 400 ns
